<?xml version="1.0" encoding="UTF-8"?>
<!-- Generated by org.testng.reporters.JUnitReportReporter -->
<testsuite skipped="4" hostname="DESKTOP-M0SNAG6" name="tests.TestCases" tests="5" failures="0" timestamp="11 May 2020 17:57:50 GMT" time="0.027" errors="1">
  <testcase name="beforeTest" time="0.027" classname="tests.TestCases">
    <error type="java.lang.Exception" message="Driver not found Firefox">
      <![CDATA[java.lang.Exception: Driver not found Firefox
at tests.Testbase.getBrowserObject(Testbase.java:85)
at tests.Testbase.setUpDriver(Testbase.java:60)
at tests.Testbase.beforeTest(Testbase.java:48)
at sun.reflect.NativeMethodAccessorImpl.invoke0(Native Method)
at sun.reflect.NativeMethodAccessorImpl.invoke(NativeMethodAccessorImpl.java:62)
at sun.reflect.DelegatingMethodAccessorImpl.invoke(DelegatingMethodAccessorImpl.java:43)
at java.lang.reflect.Method.invoke(Method.java:498)
at org.testng.internal.MethodInvocationHelper.invokeMethod(MethodInvocationHelper.java:124)
at org.testng.internal.MethodInvocationHelper.invokeMethodConsideringTimeout(MethodInvocationHelper.java:59)
at org.testng.internal.Invoker.invokeConfigurationMethod(Invoker.java:458)
at org.testng.internal.Invoker.invokeConfigurations(Invoker.java:222)
at org.testng.internal.Invoker.invokeConfigurations(Invoker.java:142)
at org.testng.TestRunner.beforeRun(TestRunner.java:529)
at org.testng.TestRunner.run(TestRunner.java:497)
at org.testng.SuiteRunner.runTest(SuiteRunner.java:455)
at org.testng.SuiteRunner.runSequentially(SuiteRunner.java:450)
at org.testng.SuiteRunner.privateRun(SuiteRunner.java:415)
at org.testng.SuiteRunner.run(SuiteRunner.java:364)
at org.testng.SuiteRunnerWorker.runSuite(SuiteRunnerWorker.java:52)
at org.testng.SuiteRunnerWorker.run(SuiteRunnerWorker.java:84)
at org.testng.TestNG.runSuitesSequentially(TestNG.java:1208)
at org.testng.TestNG.runSuitesLocally(TestNG.java:1137)
at org.testng.TestNG.runSuites(TestNG.java:1049)
at org.testng.TestNG.run(TestNG.java:1017)
at org.testng.remote.AbstractRemoteTestNG.run(AbstractRemoteTestNG.java:114)
at org.testng.remote.RemoteTestNG.initAndRun(RemoteTestNG.java:251)
at org.testng.remote.RemoteTestNG.main(RemoteTestNG.java:77)
]]>
    </error>
  </testcase> <!-- beforeTest -->
  <testcase name="TC_01_Login_With_Correct_Credentials" time="0.000" classname="tests.TestCases">
    <skipped/>
  </testcase> <!-- TC_01_Login_With_Correct_Credentials -->
  <testcase name="TC_02_Change_Language" time="0.000" classname="tests.TestCases">
    <skipped/>
  </testcase> <!-- TC_02_Change_Language -->
  <testcase name="TC_03_Access_All_Tabs" time="0.000" classname="tests.TestCases">
    <skipped/>
  </testcase> <!-- TC_03_Access_All_Tabs -->
  <testcase name="TC_04_Display_Client_Info" time="0.000" classname="tests.TestCases">
    <skipped/>
  </testcase> <!-- TC_04_Display_Client_Info -->
</testsuite> <!-- tests.TestCases -->
